e:\vst3_sdk\vst-sdk_3.7.2_build-28_2021-03-30\vst_sdk\vst3_sdk\generator\matsyn\matsyn_vs\lib\debug\base.pdb
e:\vst3_sdk\vst-sdk_3.7.2_build-28_2021-03-30\vst_sdk\vst3_sdk\generator\matsyn\matsyn_vs\lib\debug\base.idb
e:\vst3_sdk\vst-sdk_3.7.2_build-28_2021-03-30\vst_sdk\vst3_sdk\generator\matsyn\matsyn_vs\vst3sdk\base\base.dir\debug\flock.obj
e:\vst3_sdk\vst-sdk_3.7.2_build-28_2021-03-30\vst_sdk\vst3_sdk\generator\matsyn\matsyn_vs\vst3sdk\base\base.dir\debug\fcondition.obj
e:\vst3_sdk\vst-sdk_3.7.2_build-28_2021-03-30\vst_sdk\vst3_sdk\generator\matsyn\matsyn_vs\vst3sdk\base\base.dir\debug\updatehandler.obj
e:\vst3_sdk\vst-sdk_3.7.2_build-28_2021-03-30\vst_sdk\vst3_sdk\generator\matsyn\matsyn_vs\vst3sdk\base\base.dir\debug\timer.obj
e:\vst3_sdk\vst-sdk_3.7.2_build-28_2021-03-30\vst_sdk\vst3_sdk\generator\matsyn\matsyn_vs\vst3sdk\base\base.dir\debug\fstring.obj
e:\vst3_sdk\vst-sdk_3.7.2_build-28_2021-03-30\vst_sdk\vst3_sdk\generator\matsyn\matsyn_vs\vst3sdk\base\base.dir\debug\fstreamer.obj
e:\vst3_sdk\vst-sdk_3.7.2_build-28_2021-03-30\vst_sdk\vst3_sdk\generator\matsyn\matsyn_vs\vst3sdk\base\base.dir\debug\fobject.obj
e:\vst3_sdk\vst-sdk_3.7.2_build-28_2021-03-30\vst_sdk\vst3_sdk\generator\matsyn\matsyn_vs\vst3sdk\base\base.dir\debug\fdynlib.obj
e:\vst3_sdk\vst-sdk_3.7.2_build-28_2021-03-30\vst_sdk\vst3_sdk\generator\matsyn\matsyn_vs\vst3sdk\base\base.dir\debug\fdebug.obj
e:\vst3_sdk\vst-sdk_3.7.2_build-28_2021-03-30\vst_sdk\vst3_sdk\generator\matsyn\matsyn_vs\vst3sdk\base\base.dir\debug\fbuffer.obj
e:\vst3_sdk\vst-sdk_3.7.2_build-28_2021-03-30\vst_sdk\vst3_sdk\generator\matsyn\matsyn_vs\vst3sdk\base\base.dir\debug\baseiids.obj
e:\vst3_sdk\vst-sdk_3.7.2_build-28_2021-03-30\vst_sdk\vst3_sdk\generator\matsyn\matsyn_vs\vst3sdk\base\cmakefiles\generate.stamp
e:\vst3_sdk\vst-sdk_3.7.2_build-28_2021-03-30\vst_sdk\vst3_sdk\generator\matsyn\matsyn_vs\lib\debug\base.lib
e:\vst3_sdk\vst-sdk_3.7.2_build-28_2021-03-30\vst_sdk\vst3_sdk\generator\matsyn\matsyn_vs\vst3sdk\base\base.dir\debug\base.tlog\cl.command.1.tlog
e:\vst3_sdk\vst-sdk_3.7.2_build-28_2021-03-30\vst_sdk\vst3_sdk\generator\matsyn\matsyn_vs\vst3sdk\base\base.dir\debug\base.tlog\cl.read.1.tlog
e:\vst3_sdk\vst-sdk_3.7.2_build-28_2021-03-30\vst_sdk\vst3_sdk\generator\matsyn\matsyn_vs\vst3sdk\base\base.dir\debug\base.tlog\cl.write.1.tlog
e:\vst3_sdk\vst-sdk_3.7.2_build-28_2021-03-30\vst_sdk\vst3_sdk\generator\matsyn\matsyn_vs\vst3sdk\base\base.dir\debug\base.tlog\custombuild.command.1.tlog
e:\vst3_sdk\vst-sdk_3.7.2_build-28_2021-03-30\vst_sdk\vst3_sdk\generator\matsyn\matsyn_vs\vst3sdk\base\base.dir\debug\base.tlog\custombuild.read.1.tlog
e:\vst3_sdk\vst-sdk_3.7.2_build-28_2021-03-30\vst_sdk\vst3_sdk\generator\matsyn\matsyn_vs\vst3sdk\base\base.dir\debug\base.tlog\custombuild.write.1.tlog
e:\vst3_sdk\vst-sdk_3.7.2_build-28_2021-03-30\vst_sdk\vst3_sdk\generator\matsyn\matsyn_vs\vst3sdk\base\base.dir\debug\base.tlog\lib-link.write.1.tlog
e:\vst3_sdk\vst-sdk_3.7.2_build-28_2021-03-30\vst_sdk\vst3_sdk\generator\matsyn\matsyn_vs\vst3sdk\base\base.dir\debug\base.tlog\lib.command.1.tlog
e:\vst3_sdk\vst-sdk_3.7.2_build-28_2021-03-30\vst_sdk\vst3_sdk\generator\matsyn\matsyn_vs\vst3sdk\base\base.dir\debug\base.tlog\lib.read.1.tlog
