e:\vst3_sdk\vst-sdk_3.7.2_build-28_2021-03-30\vst_sdk\vst3_sdk\generator\matsyn\matsyn_vs\matsyn.dir\debug\rys_processor.obj
e:\vst3_sdk\vst-sdk_3.7.2_build-28_2021-03-30\vst_sdk\vst3_sdk\generator\matsyn\matsyn_vs\matsyn.dir\debug\rys_entry.obj
e:\vst3_sdk\vst-sdk_3.7.2_build-28_2021-03-30\vst_sdk\vst3_sdk\generator\matsyn\matsyn_vs\matsyn.dir\debug\rys_controller.obj
e:\vst3_sdk\vst-sdk_3.7.2_build-28_2021-03-30\vst_sdk\vst3_sdk\generator\matsyn\matsyn_vs\matsyn.dir\debug\dllmain.obj
e:\vst3_sdk\vst-sdk_3.7.2_build-28_2021-03-30\vst_sdk\vst3_sdk\generator\matsyn\matsyn_vs\matsyn.dir\debug\vc143.pdb
e:\vst3_sdk\vst-sdk_3.7.2_build-28_2021-03-30\vst_sdk\vst3_sdk\generator\matsyn\matsyn_vs\cmakefiles\generate.stamp
e:\vst3_sdk\vst-sdk_3.7.2_build-28_2021-03-30\vst_sdk\vst3_sdk\generator\matsyn\matsyn_vs\matsyn.dir\debug\matsyn.ilk
e:\vst3_sdk\vst-sdk_3.7.2_build-28_2021-03-30\vst_sdk\vst3_sdk\generator\matsyn\matsyn_vs\vst3\debug\matsyn.vst3\contents\x86_64-win\matsyn.vst3
e:\vst3_sdk\vst-sdk_3.7.2_build-28_2021-03-30\vst_sdk\vst3_sdk\generator\matsyn\matsyn_vs\win_pdb64\debug\matsyn.pdb
e:\vst3_sdk\vst-sdk_3.7.2_build-28_2021-03-30\vst_sdk\vst3_sdk\generator\matsyn\matsyn_vs\lib\debug\matsyn.lib
e:\vst3_sdk\vst-sdk_3.7.2_build-28_2021-03-30\vst_sdk\vst3_sdk\generator\matsyn\matsyn_vs\lib\debug\matsyn.exp
e:\vst3_sdk\vst-sdk_3.7.2_build-28_2021-03-30\vst_sdk\vst3_sdk\generator\matsyn\matsyn_vs\matsyn.dir\debug\win32resource.res
e:\vst3_sdk\vst-sdk_3.7.2_build-28_2021-03-30\vst_sdk\vst3_sdk\generator\matsyn\matsyn_vs\matsyn.dir\debug\vc143.idb
e:\vst3_sdk\vst-sdk_3.7.2_build-28_2021-03-30\vst_sdk\vst3_sdk\generator\matsyn\matsyn_vs\matsyn.dir\debug\matsyn.tlog\cl.12348.write.1.tlog
e:\vst3_sdk\vst-sdk_3.7.2_build-28_2021-03-30\vst_sdk\vst3_sdk\generator\matsyn\matsyn_vs\matsyn.dir\debug\matsyn.tlog\cl.command.1.tlog
e:\vst3_sdk\vst-sdk_3.7.2_build-28_2021-03-30\vst_sdk\vst3_sdk\generator\matsyn\matsyn_vs\matsyn.dir\debug\matsyn.tlog\cl.read.1.tlog
e:\vst3_sdk\vst-sdk_3.7.2_build-28_2021-03-30\vst_sdk\vst3_sdk\generator\matsyn\matsyn_vs\matsyn.dir\debug\matsyn.tlog\custombuild.command.1.tlog
e:\vst3_sdk\vst-sdk_3.7.2_build-28_2021-03-30\vst_sdk\vst3_sdk\generator\matsyn\matsyn_vs\matsyn.dir\debug\matsyn.tlog\custombuild.read.1.tlog
e:\vst3_sdk\vst-sdk_3.7.2_build-28_2021-03-30\vst_sdk\vst3_sdk\generator\matsyn\matsyn_vs\matsyn.dir\debug\matsyn.tlog\custombuild.write.1.tlog
e:\vst3_sdk\vst-sdk_3.7.2_build-28_2021-03-30\vst_sdk\vst3_sdk\generator\matsyn\matsyn_vs\matsyn.dir\debug\matsyn.tlog\link.command.1.tlog
e:\vst3_sdk\vst-sdk_3.7.2_build-28_2021-03-30\vst_sdk\vst3_sdk\generator\matsyn\matsyn_vs\matsyn.dir\debug\matsyn.tlog\link.read.1.tlog
e:\vst3_sdk\vst-sdk_3.7.2_build-28_2021-03-30\vst_sdk\vst3_sdk\generator\matsyn\matsyn_vs\matsyn.dir\debug\matsyn.tlog\link.write.1.tlog
e:\vst3_sdk\vst-sdk_3.7.2_build-28_2021-03-30\vst_sdk\vst3_sdk\generator\matsyn\matsyn_vs\matsyn.dir\debug\matsyn.tlog\matsyn.write.1u.tlog
e:\vst3_sdk\vst-sdk_3.7.2_build-28_2021-03-30\vst_sdk\vst3_sdk\generator\matsyn\matsyn_vs\matsyn.dir\debug\matsyn.tlog\rc.command.1.tlog
e:\vst3_sdk\vst-sdk_3.7.2_build-28_2021-03-30\vst_sdk\vst3_sdk\generator\matsyn\matsyn_vs\matsyn.dir\debug\matsyn.tlog\rc.read.1.tlog
e:\vst3_sdk\vst-sdk_3.7.2_build-28_2021-03-30\vst_sdk\vst3_sdk\generator\matsyn\matsyn_vs\matsyn.dir\debug\matsyn.tlog\rc.write.1.tlog
