e:\vst3_sdk\vst-sdk_3.7.2_build-28_2021-03-30\vst_sdk\vst3_sdk\generator\matsyn\matsyn_vs\vst3sdk\vstgui.build\uidescription\vstgui_uidescription.dir\debug\uixmlpersistence.obj
e:\vst3_sdk\vst-sdk_3.7.2_build-28_2021-03-30\vst_sdk\vst3_sdk\generator\matsyn\matsyn_vs\vst3sdk\vstgui.build\uidescription\vstgui_uidescription.dir\debug\uidialogcontroller.obj
e:\vst3_sdk\vst-sdk_3.7.2_build-28_2021-03-30\vst_sdk\vst3_sdk\generator\matsyn\matsyn_vs\vst3sdk\vstgui.build\uidescription\vstgui_uidescription.dir\debug\animknobcreator.obj
e:\vst3_sdk\vst-sdk_3.7.2_build-28_2021-03-30\vst_sdk\vst3_sdk\generator\matsyn\matsyn_vs\vst3sdk\vstgui.build\uidescription\vstgui_uidescription.dir\debug\rowcolumnviewcreator.obj
e:\vst3_sdk\vst-sdk_3.7.2_build-28_2021-03-30\vst_sdk\vst3_sdk\generator\matsyn\matsyn_vs\vst3sdk\vstgui.build\uidescription\vstgui_uidescription.dir\debug\xypadcreator.obj
e:\vst3_sdk\vst-sdk_3.7.2_build-28_2021-03-30\vst_sdk\vst3_sdk\generator\matsyn\matsyn_vs\vst3sdk\vstgui.build\uidescription\vstgui_uidescription.dir\debug\uidescription.obj
e:\vst3_sdk\vst-sdk_3.7.2_build-28_2021-03-30\vst_sdk\vst3_sdk\generator\matsyn\matsyn_vs\vst3sdk\vstgui.build\uidescription\vstgui_uidescription.dir\debug\uiundomanager.obj
e:\vst3_sdk\vst-sdk_3.7.2_build-28_2021-03-30\vst_sdk\vst3_sdk\generator\matsyn\matsyn_vs\vst3sdk\vstgui.build\uidescription\vstgui_uidescription.dir\debug\gradientviewcreator.obj
e:\vst3_sdk\vst-sdk_3.7.2_build-28_2021-03-30\vst_sdk\vst3_sdk\generator\matsyn\matsyn_vs\vst3sdk\vstgui.build\uidescription\vstgui_uidescription.dir\debug\segmentbuttoncreator.obj
e:\vst3_sdk\vst-sdk_3.7.2_build-28_2021-03-30\vst_sdk\vst3_sdk\generator\matsyn\matsyn_vs\vst3sdk\vstgui.build\uidescription\vstgui_uidescription.dir\debug\uiviewswitchcontainer.obj
e:\vst3_sdk\vst-sdk_3.7.2_build-28_2021-03-30\vst_sdk\vst3_sdk\generator\matsyn\matsyn_vs\vst3sdk\vstgui.build\uidescription\vstgui_uidescription.dir\debug\uicolorslider.obj
e:\vst3_sdk\vst-sdk_3.7.2_build-28_2021-03-30\vst_sdk\vst3_sdk\generator\matsyn\matsyn_vs\vst3sdk\vstgui.build\uidescription\vstgui_uidescription.dir\debug\uiselection.obj
e:\vst3_sdk\vst-sdk_3.7.2_build-28_2021-03-30\vst_sdk\vst3_sdk\generator\matsyn\matsyn_vs\vst3sdk\vstgui.build\uidescription\vstgui_uidescription.dir\debug\multilinetextlabelcreator.obj
e:\vst3_sdk\vst-sdk_3.7.2_build-28_2021-03-30\vst_sdk\vst3_sdk\generator\matsyn\matsyn_vs\vst3sdk\vstgui.build\uidescription\vstgui_uidescription.dir\debug\textlabelcreator.obj
e:\vst3_sdk\vst-sdk_3.7.2_build-28_2021-03-30\vst_sdk\vst3_sdk\generator\matsyn\matsyn_vs\vst3sdk\vstgui.build\uidescription\vstgui_uidescription.dir\debug\uijsonpersistence.obj
e:\vst3_sdk\vst-sdk_3.7.2_build-28_2021-03-30\vst_sdk\vst3_sdk\generator\matsyn\matsyn_vs\vst3sdk\vstgui.build\uidescription\vstgui_uidescription.dir\debug\uigridcontroller.obj
e:\vst3_sdk\vst-sdk_3.7.2_build-28_2021-03-30\vst_sdk\vst3_sdk\generator\matsyn\matsyn_vs\vst3sdk\vstgui.build\uidescription\vstgui_uidescription.dir\debug\multibitmapcontrolcreator.obj
e:\vst3_sdk\vst-sdk_3.7.2_build-28_2021-03-30\vst_sdk\vst3_sdk\generator\matsyn\matsyn_vs\vst3sdk\vstgui.build\uidescription\vstgui_uidescription.dir\debug\texteditcreator.obj
e:\vst3_sdk\vst-sdk_3.7.2_build-28_2021-03-30\vst_sdk\vst3_sdk\generator\matsyn\matsyn_vs\vst3sdk\vstgui.build\uidescription\vstgui_uidescription.dir\debug\uinode.obj
e:\vst3_sdk\vst-sdk_3.7.2_build-28_2021-03-30\vst_sdk\vst3_sdk\generator\matsyn\matsyn_vs\vst3sdk\vstgui.build\uidescription\vstgui_uidescription.dir\debug\uigradientscontroller.obj
e:\vst3_sdk\vst-sdk_3.7.2_build-28_2021-03-30\vst_sdk\vst3_sdk\generator\matsyn\matsyn_vs\vst3sdk\vstgui.build\uidescription\vstgui_uidescription.dir\debug\rockerswitchcreator.obj
e:\vst3_sdk\vst-sdk_3.7.2_build-28_2021-03-30\vst_sdk\vst3_sdk\generator\matsyn\matsyn_vs\vst3sdk\vstgui.build\uidescription\vstgui_uidescription.dir\debug\viewcreator.obj
e:\vst3_sdk\vst-sdk_3.7.2_build-28_2021-03-30\vst_sdk\vst3_sdk\generator\matsyn\matsyn_vs\vst3sdk\vstgui.build\uidescription\vstgui_uidescription.dir\debug\xmlparser.obj
e:\vst3_sdk\vst-sdk_3.7.2_build-28_2021-03-30\vst_sdk\vst3_sdk\generator\matsyn\matsyn_vs\vst3sdk\vstgui.build\uidescription\vstgui_uidescription.dir\debug\uieditmenucontroller.obj
e:\vst3_sdk\vst-sdk_3.7.2_build-28_2021-03-30\vst_sdk\vst3_sdk\generator\matsyn\matsyn_vs\vst3sdk\vstgui.build\uidescription\vstgui_uidescription.dir\debug\controlcreator.obj
e:\vst3_sdk\vst-sdk_3.7.2_build-28_2021-03-30\vst_sdk\vst3_sdk\generator\matsyn\matsyn_vs\vst3sdk\vstgui.build\uidescription\vstgui_uidescription.dir\debug\scrollviewcreator.obj
e:\vst3_sdk\vst-sdk_3.7.2_build-28_2021-03-30\vst_sdk\vst3_sdk\generator\matsyn\matsyn_vs\vst3sdk\vstgui.build\uidescription\vstgui_uidescription.dir\debug\uicontentprovider.obj
e:\vst3_sdk\vst-sdk_3.7.2_build-28_2021-03-30\vst_sdk\vst3_sdk\generator\matsyn\matsyn_vs\vst3sdk\vstgui.build\uidescription\vstgui_uidescription.dir\debug\uicolorchoosercontroller.obj
e:\vst3_sdk\vst-sdk_3.7.2_build-28_2021-03-30\vst_sdk\vst3_sdk\generator\matsyn\matsyn_vs\vst3sdk\vstgui.build\uidescription\vstgui_uidescription.dir\debug\uiviewcreatecontroller.obj
e:\vst3_sdk\vst-sdk_3.7.2_build-28_2021-03-30\vst_sdk\vst3_sdk\generator\matsyn\matsyn_vs\vst3sdk\vstgui.build\uidescription\vstgui_uidescription.dir\debug\shadowviewcontainercreator.obj
e:\vst3_sdk\vst-sdk_3.7.2_build-28_2021-03-30\vst_sdk\vst3_sdk\generator\matsyn\matsyn_vs\vst3sdk\vstgui.build\uidescription\vstgui_uidescription.dir\debug\uibitmapscontroller.obj
e:\vst3_sdk\vst-sdk_3.7.2_build-28_2021-03-30\vst_sdk\vst3_sdk\generator\matsyn\matsyn_vs\vst3sdk\vstgui.build\uidescription\vstgui_uidescription.dir\debug\uitagscontroller.obj
e:\vst3_sdk\vst-sdk_3.7.2_build-28_2021-03-30\vst_sdk\vst3_sdk\generator\matsyn\matsyn_vs\vst3sdk\vstgui.build\uidescription\vstgui_uidescription.dir\debug\onoffbuttoncreator.obj
e:\vst3_sdk\vst-sdk_3.7.2_build-28_2021-03-30\vst_sdk\vst3_sdk\generator\matsyn\matsyn_vs\vst3sdk\vstgui.build\uidescription\vstgui_uidescription.dir\debug\vumetercreator.obj
e:\vst3_sdk\vst-sdk_3.7.2_build-28_2021-03-30\vst_sdk\vst3_sdk\generator\matsyn\matsyn_vs\vst3sdk\vstgui.build\uidescription\vstgui_uidescription.dir\debug\uiviewfactory.obj
e:\vst3_sdk\vst-sdk_3.7.2_build-28_2021-03-30\vst_sdk\vst3_sdk\generator\matsyn\matsyn_vs\vst3sdk\vstgui.build\uidescription\vstgui_uidescription.dir\debug\uicrosslines.obj
e:\vst3_sdk\vst-sdk_3.7.2_build-28_2021-03-30\vst_sdk\vst3_sdk\generator\matsyn\matsyn_vs\vst3sdk\vstgui.build\uidescription\vstgui_uidescription.dir\debug\uitemplatecontroller.obj
e:\vst3_sdk\vst-sdk_3.7.2_build-28_2021-03-30\vst_sdk\vst3_sdk\generator\matsyn\matsyn_vs\vst3sdk\vstgui.build\uidescription\vstgui_uidescription.dir\debug\paramdisplaycreator.obj
e:\vst3_sdk\vst-sdk_3.7.2_build-28_2021-03-30\vst_sdk\vst3_sdk\generator\matsyn\matsyn_vs\vst3sdk\vstgui.build\uidescription\vstgui_uidescription.dir\debug\viewcontainercreator.obj
e:\vst3_sdk\vst-sdk_3.7.2_build-28_2021-03-30\vst_sdk\vst3_sdk\generator\matsyn\matsyn_vs\vst3sdk\vstgui.build\uidescription\vstgui_uidescription.dir\debug\cstream.obj
e:\vst3_sdk\vst-sdk_3.7.2_build-28_2021-03-30\vst_sdk\vst3_sdk\generator\matsyn\matsyn_vs\vst3sdk\vstgui.build\uidescription\vstgui_uidescription.dir\debug\uicolorscontroller.obj
e:\vst3_sdk\vst-sdk_3.7.2_build-28_2021-03-30\vst_sdk\vst3_sdk\generator\matsyn\matsyn_vs\vst3sdk\vstgui.build\uidescription\vstgui_uidescription.dir\debug\checkboxcreator.obj
e:\vst3_sdk\vst-sdk_3.7.2_build-28_2021-03-30\vst_sdk\vst3_sdk\generator\matsyn\matsyn_vs\vst3sdk\vstgui.build\uidescription\vstgui_uidescription.dir\debug\searchtexteditcreator.obj
e:\vst3_sdk\vst-sdk_3.7.2_build-28_2021-03-30\vst_sdk\vst3_sdk\generator\matsyn\matsyn_vs\vst3sdk\vstgui.build\uidescription\vstgui_uidescription.dir\debug\uidesclist.obj
e:\vst3_sdk\vst-sdk_3.7.2_build-28_2021-03-30\vst_sdk\vst3_sdk\generator\matsyn\matsyn_vs\vst3sdk\vstgui.build\uidescription\vstgui_uidescription.dir\debug\uicolor.obj
e:\vst3_sdk\vst-sdk_3.7.2_build-28_2021-03-30\vst_sdk\vst3_sdk\generator\matsyn\matsyn_vs\vst3sdk\vstgui.build\uidescription\vstgui_uidescription.dir\debug\uifocussettingscontroller.obj
e:\vst3_sdk\vst-sdk_3.7.2_build-28_2021-03-30\vst_sdk\vst3_sdk\generator\matsyn\matsyn_vs\vst3sdk\vstgui.build\uidescription\vstgui_uidescription.dir\debug\knobcreator.obj
e:\vst3_sdk\vst-sdk_3.7.2_build-28_2021-03-30\vst_sdk\vst3_sdk\generator\matsyn\matsyn_vs\vst3sdk\vstgui.build\uidescription\vstgui_uidescription.dir\debug\splitviewcreator.obj
e:\vst3_sdk\vst-sdk_3.7.2_build-28_2021-03-30\vst_sdk\vst3_sdk\generator\matsyn\matsyn_vs\vst3sdk\vstgui.build\uidescription\vstgui_uidescription.dir\debug\uiattributes.obj
e:\vst3_sdk\vst-sdk_3.7.2_build-28_2021-03-30\vst_sdk\vst3_sdk\generator\matsyn\matsyn_vs\vst3sdk\vstgui.build\uidescription\vstgui_uidescription.dir\debug\uieditcontroller.obj
e:\vst3_sdk\vst-sdk_3.7.2_build-28_2021-03-30\vst_sdk\vst3_sdk\generator\matsyn\matsyn_vs\vst3sdk\vstgui.build\uidescription\vstgui_uidescription.dir\debug\optionmenucreator.obj
e:\vst3_sdk\vst-sdk_3.7.2_build-28_2021-03-30\vst_sdk\vst3_sdk\generator\matsyn\matsyn_vs\vst3sdk\vstgui.build\uidescription\vstgui_uidescription.dir\debug\uiviewswitchcontainercreator.obj
e:\vst3_sdk\vst-sdk_3.7.2_build-28_2021-03-30\vst_sdk\vst3_sdk\generator\matsyn\matsyn_vs\vst3sdk\vstgui.build\uidescription\vstgui_uidescription.dir\debug\uiactions.obj
e:\vst3_sdk\vst-sdk_3.7.2_build-28_2021-03-30\vst_sdk\vst3_sdk\generator\matsyn\matsyn_vs\vst3sdk\vstgui.build\uidescription\vstgui_uidescription.dir\debug\uifontscontroller.obj
e:\vst3_sdk\vst-sdk_3.7.2_build-28_2021-03-30\vst_sdk\vst3_sdk\generator\matsyn\matsyn_vs\vst3sdk\vstgui.build\uidescription\vstgui_uidescription.dir\debug\kickbuttoncreator.obj
e:\vst3_sdk\vst-sdk_3.7.2_build-28_2021-03-30\vst_sdk\vst3_sdk\generator\matsyn\matsyn_vs\vst3sdk\vstgui.build\uidescription\vstgui_uidescription.dir\debug\textbuttoncreator.obj
e:\vst3_sdk\vst-sdk_3.7.2_build-28_2021-03-30\vst_sdk\vst3_sdk\generator\matsyn\matsyn_vs\vst3sdk\vstgui.build\uidescription\vstgui_uidescription.dir\debug\uiattributescontroller.obj
e:\vst3_sdk\vst-sdk_3.7.2_build-28_2021-03-30\vst_sdk\vst3_sdk\generator\matsyn\matsyn_vs\vst3sdk\vstgui.build\uidescription\vstgui_uidescription.dir\debug\uitemplatesettingscontroller.obj
e:\vst3_sdk\vst-sdk_3.7.2_build-28_2021-03-30\vst_sdk\vst3_sdk\generator\matsyn\matsyn_vs\vst3sdk\vstgui.build\uidescription\vstgui_uidescription.dir\debug\moviebitmapcreator.obj
e:\vst3_sdk\vst-sdk_3.7.2_build-28_2021-03-30\vst_sdk\vst3_sdk\generator\matsyn\matsyn_vs\vst3sdk\vstgui.build\uidescription\vstgui_uidescription.dir\debug\stringlistcontrolcreator.obj
e:\vst3_sdk\vst-sdk_3.7.2_build-28_2021-03-30\vst_sdk\vst3_sdk\generator\matsyn\matsyn_vs\vst3sdk\vstgui.build\uidescription\vstgui_uidescription.dir\debug\compresseduidescription.obj
e:\vst3_sdk\vst-sdk_3.7.2_build-28_2021-03-30\vst_sdk\vst3_sdk\generator\matsyn\matsyn_vs\vst3sdk\vstgui.build\uidescription\vstgui_uidescription.dir\debug\uieditview.obj
e:\vst3_sdk\vst-sdk_3.7.2_build-28_2021-03-30\vst_sdk\vst3_sdk\generator\matsyn\matsyn_vs\vst3sdk\vstgui.build\uidescription\vstgui_uidescription.dir\debug\moviebuttoncreator.obj
e:\vst3_sdk\vst-sdk_3.7.2_build-28_2021-03-30\vst_sdk\vst3_sdk\generator\matsyn\matsyn_vs\vst3sdk\vstgui.build\uidescription\vstgui_uidescription.dir\debug\switchcreators.obj
e:\vst3_sdk\vst-sdk_3.7.2_build-28_2021-03-30\vst_sdk\vst3_sdk\generator\matsyn\matsyn_vs\vst3sdk\vstgui.build\uidescription\vstgui_uidescription.dir\debug\uiviewcreator.obj
e:\vst3_sdk\vst-sdk_3.7.2_build-28_2021-03-30\vst_sdk\vst3_sdk\generator\matsyn\matsyn_vs\vst3sdk\vstgui.build\uidescription\vstgui_uidescription.dir\debug\uioverlayview.obj
e:\vst3_sdk\vst-sdk_3.7.2_build-28_2021-03-30\vst_sdk\vst3_sdk\generator\matsyn\matsyn_vs\vst3sdk\vstgui.build\uidescription\vstgui_uidescription.dir\debug\animationsplashscreencreator.obj
e:\vst3_sdk\vst-sdk_3.7.2_build-28_2021-03-30\vst_sdk\vst3_sdk\generator\matsyn\matsyn_vs\vst3sdk\vstgui.build\uidescription\vstgui_uidescription.dir\debug\layeredviewcontainercreator.obj
e:\vst3_sdk\vst-sdk_3.7.2_build-28_2021-03-30\vst_sdk\vst3_sdk\generator\matsyn\matsyn_vs\vst3sdk\vstgui.build\uidescription\vstgui_uidescription.dir\debug\sliderviewcreator.obj
e:\vst3_sdk\vst-sdk_3.7.2_build-28_2021-03-30\vst_sdk\vst3_sdk\generator\matsyn\matsyn_vs\lib\debug\vstgui_uidescription.pdb
e:\vst3_sdk\vst-sdk_3.7.2_build-28_2021-03-30\vst_sdk\vst3_sdk\generator\matsyn\matsyn_vs\vst3sdk\vstgui.build\uidescription\cmakefiles\generate.stamp
e:\vst3_sdk\vst-sdk_3.7.2_build-28_2021-03-30\vst_sdk\vst3_sdk\generator\matsyn\matsyn_vs\lib\debug\vstgui_uidescription.lib
e:\vst3_sdk\vst-sdk_3.7.2_build-28_2021-03-30\vst_sdk\vst3_sdk\generator\matsyn\matsyn_vs\vst3sdk\vstgui.build\uidescription\vstgui_uidescription.dir\debug\vstgui_u.30b26602.tlog\cl.10652.write.1.tlog
e:\vst3_sdk\vst-sdk_3.7.2_build-28_2021-03-30\vst_sdk\vst3_sdk\generator\matsyn\matsyn_vs\vst3sdk\vstgui.build\uidescription\vstgui_uidescription.dir\debug\vstgui_u.30b26602.tlog\cl.command.1.tlog
e:\vst3_sdk\vst-sdk_3.7.2_build-28_2021-03-30\vst_sdk\vst3_sdk\generator\matsyn\matsyn_vs\vst3sdk\vstgui.build\uidescription\vstgui_uidescription.dir\debug\vstgui_u.30b26602.tlog\cl.read.1.tlog
e:\vst3_sdk\vst-sdk_3.7.2_build-28_2021-03-30\vst_sdk\vst3_sdk\generator\matsyn\matsyn_vs\vst3sdk\vstgui.build\uidescription\vstgui_uidescription.dir\debug\vstgui_u.30b26602.tlog\custombuild.command.1.tlog
e:\vst3_sdk\vst-sdk_3.7.2_build-28_2021-03-30\vst_sdk\vst3_sdk\generator\matsyn\matsyn_vs\vst3sdk\vstgui.build\uidescription\vstgui_uidescription.dir\debug\vstgui_u.30b26602.tlog\custombuild.read.1.tlog
e:\vst3_sdk\vst-sdk_3.7.2_build-28_2021-03-30\vst_sdk\vst3_sdk\generator\matsyn\matsyn_vs\vst3sdk\vstgui.build\uidescription\vstgui_uidescription.dir\debug\vstgui_u.30b26602.tlog\custombuild.write.1.tlog
e:\vst3_sdk\vst-sdk_3.7.2_build-28_2021-03-30\vst_sdk\vst3_sdk\generator\matsyn\matsyn_vs\vst3sdk\vstgui.build\uidescription\vstgui_uidescription.dir\debug\vstgui_u.30b26602.tlog\lib-link.write.1.tlog
e:\vst3_sdk\vst-sdk_3.7.2_build-28_2021-03-30\vst_sdk\vst3_sdk\generator\matsyn\matsyn_vs\vst3sdk\vstgui.build\uidescription\vstgui_uidescription.dir\debug\vstgui_u.30b26602.tlog\lib.command.1.tlog
e:\vst3_sdk\vst-sdk_3.7.2_build-28_2021-03-30\vst_sdk\vst3_sdk\generator\matsyn\matsyn_vs\vst3sdk\vstgui.build\uidescription\vstgui_uidescription.dir\debug\vstgui_u.30b26602.tlog\lib.read.1.tlog
