  [SMTG] Copied resource/rys_editor.uidesc to E:/vst3_sdk/vst-sdk_3.7.2_build-28_2021-03-30/VST_SDK/VST3_SDK/generator/mathsynth/build/VST3/Debug/mathsynth.vst3/Contents/Resources
  [SMTG] Copied resource/DA1D0743FA2B5A1D9B752478B829C861_snapshot.png to E:/vst3_sdk/vst-sdk_3.7.2_build-28_2021-03-30/VST_SDK/VST3_SDK/generator/mathsynth/build/VST3/Debug/mathsynth.vst3/Contents/Resources/Snapshots
  [SMTG] Copied resource/DA1D0743FA2B5A1D9B752478B829C861_snapshot_2.0x.png to E:/vst3_sdk/vst-sdk_3.7.2_build-28_2021-03-30/VST_SDK/VST3_SDK/generator/mathsynth/build/VST3/Debug/mathsynth.vst3/Contents/Resources/Snapshots
  mathsynth.vcxproj -> E:\vst3_sdk\vst-sdk_3.7.2_build-28_2021-03-30\VST_SDK\VST3_SDK\generator\mathsynth\build\VST3\Debug\mathsynth.vst3\Contents\x86_64-win\mathsynth.vst3
  [SMTG] Validator started...
  * Loading module...
  
  	E:/vst3_sdk/vst-sdk_3.7.2_build-28_2021-03-30/VST_SDK/VST3_SDK/generator/mathsynth/build/VST3/Debug/mathsynth.vst3/Contents/x86_64-win/mathsynth.vst3
  
  * Scanning classes...
  
    Factory Info:
  	vendor = rys
  	url = enkerewpo.top
  	email = mailto:enkerewpo@hotmail.com
  
    Class Info 0:
  	name = mathsynth
  	category = Audio Module Class
  	subCategories = Instrument
  	version = 1.0.0.1
  	sdkVersion = VST 3.7.2
  	cid = DA1D0743FA2B5A1D9B752478B829C861
  
    Class Info 1:
  	name = mathsynthController
  	category = Component Controller Class
  	subCategories = 
  	version = 1.0.0.1
  	sdkVersion = VST 3.7.2
  	cid = 9FCF2E5F33B05EE2A387894A8384A902
  
  * Checking snapshots...
  
  Found snapshots for 'mathsynth'
   - E:/vst3_sdk/vst-sdk_3.7.2_build-28_2021-03-30/VST_SDK/VST3_SDK/generator/mathsynth/build/VST3/Debug/mathsynth.vst3/Contents/Resources/Snapshots/DA1D0743FA2B5A1D9B752478B829C861_snapshot.png [1x]
   - E:/vst3_sdk/vst-sdk_3.7.2_build-28_2021-03-30/VST_SDK/VST3_SDK/generator/mathsynth/build/VST3/Debug/mathsynth.vst3/Contents/Resources/Snapshots/DA1D0743FA2B5A1D9B752478B829C861_snapshot_2.0x.png [2x]
  
  * Creating tests...
  
  * Running tests...
  
  -------------------------------------------------------------
  TestSuite : mathsynth
  -------------------------------------------------------------
  
  -------------------------------------------------------------
  TestSuite : General Tests
  -------------------------------------------------------------
  
  [Scan Editor Classes]
  Info:  ===Scan Editor Classes ====================================
  Info:  This component has an edit controller class
  Info:     Controller CID: {9FCF2E5F-33B0-5EE2-A387-894A8384A902}
  [Succeeded]
  
  [Scan Buses]
  Info:  ===Scan Buses ====================================
  Info:  => Audio Buses: [1 In(s) => 1 Out(s)]
  Info:       In [0]: "Stereo In" (Main-Default Active) 
  Info:       Out[0]: "Stereo Out" (Main-Default Active) 
  Info:  => Event Buses: [1 In(s) => 0 Out(s)]
  Info:       In [0]: "Event In" (Main-Default Active) 
  [Succeeded]
  
  [Scan Parameters]
  Info:  ===Scan Parameters ====================================
  Info:  This component does not export any parameters!
  [Succeeded]
  
  [MIDI Mapping]
  Info:  ===MIDI Mapping ====================================
  Info:  No MIDI Mapping interface supplied!
  [Succeeded]
  
  [MIDI Learn]
  Info:  ===MIDI Learn ====================================
  Info:  No MIDI Learn interface supplied!
  [Succeeded]
  
  [Scan Units]
  Info:  ===Scan Units ====================================
  Info:  This component has no units.
  [Succeeded]
  
  [Scan Programs]
  Info:  ===Scan Programs ====================================
  Info:  This component does not export any programs.
  [Succeeded]
  
  [Terminate/Initialize]
  Info:  ===Terminate/Initialize ====================================
  [Succeeded]
  
  [Check Unit Structure]
  Info:  ===Check Unit Structure ====================================
  Info:  This component does not support IUnitInfo!
  [Succeeded]
  
  [Valid State Transition 32bits]
  Info:  ===Valid State Transition 32bits ====================================
  [Succeeded]
  
  [Valid State Transition 64bits]
  Info:  ===Valid State Transition 64bits ====================================
  Info:  64bit Audio Processing not supported.
  [Succeeded]
  
  [Bus Consistency]
  Info:  ===Bus Consistency ====================================
  [Succeeded]
  
  [Bus Activation]
  Info:  ===Bus Activation ====================================
  Info:     Bus Activation: Input Audio Bus (0) (kMain)
  Info:     Bus Activation: Output Audio Bus (0) (kMain)
  Info:     Bus Activation: Input Event Bus (0) (kMain)
  [Succeeded]
  
  [Check Audio Bus Arrangement]
  Info:  ===Check Audio Bus Arrangement ====================================
  Info:     Check Input Audio Bus Arrangement (0)
  Info:     Check Output Audio Bus Arrangement (0)
  [Succeeded]
  
  [SideChain Arrangement]
  Info:  ===SideChain Arrangement ====================================
  [Succeeded]
  
  [Suspend/Resume]
  Info:  ===Suspend/Resume ====================================
  [Succeeded]
  
  [Note Expression]
  Info:  ===Note Expression ====================================
  Info:  No Note Expression interface supplied!
  [Succeeded]
  
  [Keyswitch]
  Info:  ===Keyswitch ====================================
  Info:  No Keyswitch interface supplied!
  [Succeeded]
  
  [ProcessContext Requirements]
  Info:  ===ProcessContext Requirements ====================================
  Info:  ProcessContextRequirements:
  Info:   - None
  [Succeeded]
  
  -------------------------------------------------------------
  TestSuite : Single Precision (32 bit) Tests
  -------------------------------------------------------------
  
  [Process Test]
  [Succeeded]
  
  [Process function running in another thread]
  Info:  ===Process function running in another thread ====================================
  [Succeeded]
  
  [Silence Flags]
  Info:  ===Silence Flags ====================================
  [Succeeded]
  
  [Silence Processing]
  Info:  ===Silence Processing ====================================
  [Succeeded]
  
  [Parameters Flush (no Buffer)]
  Info:  ===Parameters Flush (no Buffer) ====================================
  [Succeeded]
  
  [Parameters Flush 2 (only numChannel==0)]
  Info:  ===Parameters Flush 2 (only numChannel==0) ====================================
  [Succeeded]
  
  [Parameters Flush 2 (no Buffer, no parameter change)]
  Info:  ===Parameters Flush 2 (no Buffer, no parameter change) ====================================
  [Succeeded]
  
  [Variable Block Size]
  Info:  ===Variable Block Size ====================================
  [Succeeded]
  
  [Process Format]
  Info:  ===Process Format ====================================
  Info:  ***Tested Sample Rates***
  Info:        22050 Hz - processed successfully!
  Info:        32000 Hz - processed successfully!
  Info:        44100 Hz - processed successfully!
  Info:        48000 Hz - processed successfully!
  Info:        88200 Hz - processed successfully!
  Info:        96000 Hz - processed successfully!
  Info:       192000 Hz - processed successfully!
  Info:       384000 Hz - processed successfully!
  Info:    1234.5678 Hz - processed successfully!
  Info:    12345.678 Hz - processed successfully!
  Info:    123456.78 Hz - processed successfully!
  Info:    1234567.8 Hz - processed successfully!
  [Succeeded]
  
  [Parameter Bypass persistence]
  Info:  ===Parameter Bypass persistence ====================================
  Info:  This plugin does not have a bypass parameter!!!
  [Succeeded]
  
  [In: Stereo: 2 Channels, Out: Stereo: 2 Channels]
  Info:  ===In: Stereo: 2 Channels, Out: Stereo: 2 Channels ====================================
  [Succeeded]
  
  [In: Mono: 1 Channels, Out: Mono: 1 Channels]
  Info:  ===In: Mono: 1 Channels, Out: Mono: 1 Channels ====================================
  [Succeeded]
  
  [Accuracy: Block, 1 Parameters, Change every100 Samples]
  Info:  ===Accuracy: Block, All Parameters, Change every100 Samples ====================================
  Info:  No Parameters present.
  [Succeeded]
  
  [Accuracy: Sample, 1 Parameters, Change every100 Samples]
  Info:  ===Accuracy: Sample, All Parameters, Change every100 Samples ====================================
  Info:  No Parameters present.
  [Succeeded]
  
  -------------------------------------------------------------
  TestSuite : Double Precision (64 bit) Tests
  -------------------------------------------------------------
  
  [Process Test]
  Info:  64bit Audio Processing not supported.
  [Succeeded]
  
  [Process function running in another thread]
  Info:  64bit Audio Processing not supported.
  [Succeeded]
  
  [Silence Flags]
  Info:  64bit Audio Processing not supported.
  [Succeeded]
  
  [Silence Processing]
  Info:  64bit Audio Processing not supported.
  [Succeeded]
  
  [Parameters Flush (no Buffer)]
  Info:  64bit Audio Processing not supported.
  [Succeeded]
  
  [Parameters Flush 2 (only numChannel==0)]
  Info:  64bit Audio Processing not supported.
  [Succeeded]
  
  [Parameters Flush 2 (no Buffer, no parameter change)]
  Info:  64bit Audio Processing not supported.
  [Succeeded]
  
  [Variable Block Size]
  Info:  64bit Audio Processing not supported.
  [Succeeded]
  
  [Process Format]
  Info:  64bit Audio Processing not supported.
  [Succeeded]
  
  [Parameter Bypass persistence]
  Info:  64bit Audio Processing not supported.
  [Succeeded]
  
  [In: Stereo: 2 Channels, Out: Stereo: 2 Channels]
  Info:  ===In: Stereo: 2 Channels, Out: Stereo: 2 Channels ====================================
  Info:  64bit Audio Processing not supported.
  [Succeeded]
  
  [In: Mono: 1 Channels, Out: Mono: 1 Channels]
  Info:  ===In: Mono: 1 Channels, Out: Mono: 1 Channels ====================================
  Info:  64bit Audio Processing not supported.
  [Succeeded]
  
  [Accuracy: Block, 1 Parameters, Change every100 Samples]
  Info:  ===Accuracy: Block, All Parameters, Change every100 Samples ====================================
  Info:  No Parameters present.
  Info:  64bit Audio Processing not supported.
  [Succeeded]
  
  [Accuracy: Sample, 1 Parameters, Change every100 Samples]
  Info:  ===Accuracy: Sample, All Parameters, Change every100 Samples ====================================
  Info:  No Parameters present.
  Info:  64bit Audio Processing not supported.
  [Succeeded]
  
  -------------------------------------------------------------
  Result: 47 tests passed, 0 tests failed
  -------------------------------------------------------------
  [SMTG] Validator finished.
  [SMTG] Delete previous link...
  Could Not Find C:\Program Files\Common Files\VST3\mathsynth.vst3
  [SMTG] Creation of the new link...
  symbolic link created for C:\Program Files\Common Files\VST3\mathsynth.vst3 <<===>> E:\vst3_sdk\vst-sdk_3.7.2_build-28_2021-03-30\VST_SDK\VST3_SDK\generator\mathsynth\build\VST3\Debug\mathsynth.vst3
  [SMTG] Finished.
