e:\vst3_sdk\vst-sdk_3.7.2_build-28_2021-03-30\vst_sdk\vst3_sdk\generator\matsyn\matsyn_vs\vst3sdk\public.sdk\sdk.dir\debug\vst2persistence.obj
e:\vst3_sdk\vst-sdk_3.7.2_build-28_2021-03-30\vst_sdk\vst3_sdk\generator\matsyn\matsyn_vs\vst3sdk\public.sdk\sdk.dir\debug\pluginfactory.obj
e:\vst3_sdk\vst-sdk_3.7.2_build-28_2021-03-30\vst_sdk\vst3_sdk\generator\matsyn\matsyn_vs\vst3sdk\public.sdk\sdk.dir\debug\vsteditcontroller.obj
e:\vst3_sdk\vst-sdk_3.7.2_build-28_2021-03-30\vst_sdk\vst3_sdk\generator\matsyn\matsyn_vs\vst3sdk\public.sdk\sdk.dir\debug\vstaudioeffect.obj
e:\vst3_sdk\vst-sdk_3.7.2_build-28_2021-03-30\vst_sdk\vst3_sdk\generator\matsyn\matsyn_vs\vst3sdk\public.sdk\sdk.dir\debug\vstrepresentation.obj
e:\vst3_sdk\vst-sdk_3.7.2_build-28_2021-03-30\vst_sdk\vst3_sdk\generator\matsyn\matsyn_vs\vst3sdk\public.sdk\sdk.dir\debug\pluginview.obj
e:\vst3_sdk\vst-sdk_3.7.2_build-28_2021-03-30\vst_sdk\vst3_sdk\generator\matsyn\matsyn_vs\vst3sdk\public.sdk\sdk.dir\debug\vstcomponentbase.obj
e:\vst3_sdk\vst-sdk_3.7.2_build-28_2021-03-30\vst_sdk\vst3_sdk\generator\matsyn\matsyn_vs\vst3sdk\public.sdk\sdk.dir\debug\vstparameters.obj
e:\vst3_sdk\vst-sdk_3.7.2_build-28_2021-03-30\vst_sdk\vst3_sdk\generator\matsyn\matsyn_vs\vst3sdk\public.sdk\sdk.dir\debug\stringconvert.obj
e:\vst3_sdk\vst-sdk_3.7.2_build-28_2021-03-30\vst_sdk\vst3_sdk\generator\matsyn\matsyn_vs\vst3sdk\public.sdk\sdk.dir\debug\moduleinit.obj
e:\vst3_sdk\vst-sdk_3.7.2_build-28_2021-03-30\vst_sdk\vst3_sdk\generator\matsyn\matsyn_vs\vst3sdk\public.sdk\sdk.dir\debug\vstnoteexpressiontypes.obj
e:\vst3_sdk\vst-sdk_3.7.2_build-28_2021-03-30\vst_sdk\vst3_sdk\generator\matsyn\matsyn_vs\vst3sdk\public.sdk\sdk.dir\debug\vstbus.obj
e:\vst3_sdk\vst-sdk_3.7.2_build-28_2021-03-30\vst_sdk\vst3_sdk\generator\matsyn\matsyn_vs\vst3sdk\public.sdk\sdk.dir\debug\vstcomponent.obj
e:\vst3_sdk\vst-sdk_3.7.2_build-28_2021-03-30\vst_sdk\vst3_sdk\generator\matsyn\matsyn_vs\vst3sdk\public.sdk\sdk.dir\debug\vstinitiids.obj
e:\vst3_sdk\vst-sdk_3.7.2_build-28_2021-03-30\vst_sdk\vst3_sdk\generator\matsyn\matsyn_vs\lib\debug\sdk.pdb
e:\vst3_sdk\vst-sdk_3.7.2_build-28_2021-03-30\vst_sdk\vst3_sdk\generator\matsyn\matsyn_vs\vst3sdk\public.sdk\cmakefiles\generate.stamp
e:\vst3_sdk\vst-sdk_3.7.2_build-28_2021-03-30\vst_sdk\vst3_sdk\generator\matsyn\matsyn_vs\lib\debug\sdk.lib
e:\vst3_sdk\vst-sdk_3.7.2_build-28_2021-03-30\vst_sdk\vst3_sdk\generator\matsyn\matsyn_vs\vst3sdk\public.sdk\sdk.dir\debug\sdk.tlog\cl.17244.write.1.tlog
e:\vst3_sdk\vst-sdk_3.7.2_build-28_2021-03-30\vst_sdk\vst3_sdk\generator\matsyn\matsyn_vs\vst3sdk\public.sdk\sdk.dir\debug\sdk.tlog\cl.command.1.tlog
e:\vst3_sdk\vst-sdk_3.7.2_build-28_2021-03-30\vst_sdk\vst3_sdk\generator\matsyn\matsyn_vs\vst3sdk\public.sdk\sdk.dir\debug\sdk.tlog\cl.read.1.tlog
e:\vst3_sdk\vst-sdk_3.7.2_build-28_2021-03-30\vst_sdk\vst3_sdk\generator\matsyn\matsyn_vs\vst3sdk\public.sdk\sdk.dir\debug\sdk.tlog\custombuild.command.1.tlog
e:\vst3_sdk\vst-sdk_3.7.2_build-28_2021-03-30\vst_sdk\vst3_sdk\generator\matsyn\matsyn_vs\vst3sdk\public.sdk\sdk.dir\debug\sdk.tlog\custombuild.read.1.tlog
e:\vst3_sdk\vst-sdk_3.7.2_build-28_2021-03-30\vst_sdk\vst3_sdk\generator\matsyn\matsyn_vs\vst3sdk\public.sdk\sdk.dir\debug\sdk.tlog\custombuild.write.1.tlog
e:\vst3_sdk\vst-sdk_3.7.2_build-28_2021-03-30\vst_sdk\vst3_sdk\generator\matsyn\matsyn_vs\vst3sdk\public.sdk\sdk.dir\debug\sdk.tlog\lib-link.write.1.tlog
e:\vst3_sdk\vst-sdk_3.7.2_build-28_2021-03-30\vst_sdk\vst3_sdk\generator\matsyn\matsyn_vs\vst3sdk\public.sdk\sdk.dir\debug\sdk.tlog\lib.command.1.tlog
e:\vst3_sdk\vst-sdk_3.7.2_build-28_2021-03-30\vst_sdk\vst3_sdk\generator\matsyn\matsyn_vs\vst3sdk\public.sdk\sdk.dir\debug\sdk.tlog\lib.read.1.tlog
