e:\vst3_sdk\vst-sdk_3.7.2_build-28_2021-03-30\vst_sdk\vst3_sdk\generator\matsyn\matsyn_vs\vst3sdk\vstgui.build\lib\vstgui.dir\debug\animator.obj
e:\vst3_sdk\vst-sdk_3.7.2_build-28_2021-03-30\vst_sdk\vst3_sdk\generator\matsyn\matsyn_vs\vst3sdk\vstgui.build\lib\vstgui.dir\debug\coptionmenu.obj
e:\vst3_sdk\vst-sdk_3.7.2_build-28_2021-03-30\vst_sdk\vst3_sdk\generator\matsyn\matsyn_vs\vst3sdk\vstgui.build\lib\vstgui.dir\debug\cshadowviewcontainer.obj
e:\vst3_sdk\vst-sdk_3.7.2_build-28_2021-03-30\vst_sdk\vst3_sdk\generator\matsyn\matsyn_vs\vst3sdk\vstgui.build\lib\vstgui.dir\debug\d2dbitmap.obj
e:\vst3_sdk\vst-sdk_3.7.2_build-28_2021-03-30\vst_sdk\vst3_sdk\generator\matsyn\matsyn_vs\vst3sdk\vstgui.build\lib\vstgui.dir\debug\cgradientview.obj
e:\vst3_sdk\vst-sdk_3.7.2_build-28_2021-03-30\vst_sdk\vst3_sdk\generator\matsyn\matsyn_vs\vst3sdk\vstgui.build\lib\vstgui.dir\debug\cfontchooser.obj
e:\vst3_sdk\vst-sdk_3.7.2_build-28_2021-03-30\vst_sdk\vst3_sdk\generator\matsyn\matsyn_vs\vst3sdk\vstgui.build\lib\vstgui.dir\debug\crect.obj
e:\vst3_sdk\vst-sdk_3.7.2_build-28_2021-03-30\vst_sdk\vst3_sdk\generator\matsyn\matsyn_vs\vst3sdk\vstgui.build\lib\vstgui.dir\debug\ctabview.obj
e:\vst3_sdk\vst-sdk_3.7.2_build-28_2021-03-30\vst_sdk\vst3_sdk\generator\matsyn\matsyn_vs\vst3sdk\vstgui.build\lib\vstgui.dir\debug\win32factory.obj
e:\vst3_sdk\vst-sdk_3.7.2_build-28_2021-03-30\vst_sdk\vst3_sdk\generator\matsyn\matsyn_vs\vst3sdk\vstgui.build\lib\vstgui.dir\debug\cbitmap.obj
e:\vst3_sdk\vst-sdk_3.7.2_build-28_2021-03-30\vst_sdk\vst3_sdk\generator\matsyn\matsyn_vs\vst3sdk\vstgui.build\lib\vstgui.dir\debug\ccontrol.obj
e:\vst3_sdk\vst-sdk_3.7.2_build-28_2021-03-30\vst_sdk\vst3_sdk\generator\matsyn\matsyn_vs\vst3sdk\vstgui.build\lib\vstgui.dir\debug\cswitch.obj
e:\vst3_sdk\vst-sdk_3.7.2_build-28_2021-03-30\vst_sdk\vst3_sdk\generator\matsyn\matsyn_vs\vst3sdk\vstgui.build\lib\vstgui.dir\debug\pixelbuffer.obj
e:\vst3_sdk\vst-sdk_3.7.2_build-28_2021-03-30\vst_sdk\vst3_sdk\generator\matsyn\matsyn_vs\vst3sdk\vstgui.build\lib\vstgui.dir\debug\genericoptionmenu.obj
e:\vst3_sdk\vst-sdk_3.7.2_build-28_2021-03-30\vst_sdk\vst3_sdk\generator\matsyn\matsyn_vs\vst3sdk\vstgui.build\lib\vstgui.dir\debug\winfileselector.obj
e:\vst3_sdk\vst-sdk_3.7.2_build-28_2021-03-30\vst_sdk\vst3_sdk\generator\matsyn\matsyn_vs\vst3sdk\vstgui.build\lib\vstgui.dir\debug\ccolor.obj
e:\vst3_sdk\vst-sdk_3.7.2_build-28_2021-03-30\vst_sdk\vst3_sdk\generator\matsyn\matsyn_vs\vst3sdk\vstgui.build\lib\vstgui.dir\debug\csearchtextedit.obj
e:\vst3_sdk\vst-sdk_3.7.2_build-28_2021-03-30\vst_sdk\vst3_sdk\generator\matsyn\matsyn_vs\vst3sdk\vstgui.build\lib\vstgui.dir\debug\cpoint.obj
e:\vst3_sdk\vst-sdk_3.7.2_build-28_2021-03-30\vst_sdk\vst3_sdk\generator\matsyn\matsyn_vs\vst3sdk\vstgui.build\lib\vstgui.dir\debug\cstring.obj
e:\vst3_sdk\vst-sdk_3.7.2_build-28_2021-03-30\vst_sdk\vst3_sdk\generator\matsyn\matsyn_vs\vst3sdk\vstgui.build\lib\vstgui.dir\debug\win32openglview.obj
e:\vst3_sdk\vst-sdk_3.7.2_build-28_2021-03-30\vst_sdk\vst3_sdk\generator\matsyn\matsyn_vs\vst3sdk\vstgui.build\lib\vstgui.dir\debug\cdropsource.obj
e:\vst3_sdk\vst-sdk_3.7.2_build-28_2021-03-30\vst_sdk\vst3_sdk\generator\matsyn\matsyn_vs\vst3sdk\vstgui.build\lib\vstgui.dir\debug\clinestyle.obj
e:\vst3_sdk\vst-sdk_3.7.2_build-28_2021-03-30\vst_sdk\vst3_sdk\generator\matsyn\matsyn_vs\vst3sdk\vstgui.build\lib\vstgui.dir\debug\csegmentbutton.obj
e:\vst3_sdk\vst-sdk_3.7.2_build-28_2021-03-30\vst_sdk\vst3_sdk\generator\matsyn\matsyn_vs\vst3sdk\vstgui.build\lib\vstgui.dir\debug\csplitview.obj
e:\vst3_sdk\vst-sdk_3.7.2_build-28_2021-03-30\vst_sdk\vst3_sdk\generator\matsyn\matsyn_vs\vst3sdk\vstgui.build\lib\vstgui.dir\debug\d2dfont.obj
e:\vst3_sdk\vst-sdk_3.7.2_build-28_2021-03-30\vst_sdk\vst3_sdk\generator\matsyn\matsyn_vs\vst3sdk\vstgui.build\lib\vstgui.dir\debug\cdrawcontext.obj
e:\vst3_sdk\vst-sdk_3.7.2_build-28_2021-03-30\vst_sdk\vst3_sdk\generator\matsyn\matsyn_vs\vst3sdk\vstgui.build\lib\vstgui.dir\debug\cmoviebutton.obj
e:\vst3_sdk\vst-sdk_3.7.2_build-28_2021-03-30\vst_sdk\vst3_sdk\generator\matsyn\matsyn_vs\vst3sdk\vstgui.build\lib\vstgui.dir\debug\ctextedit.obj
e:\vst3_sdk\vst-sdk_3.7.2_build-28_2021-03-30\vst_sdk\vst3_sdk\generator\matsyn\matsyn_vs\vst3sdk\vstgui.build\lib\vstgui.dir\debug\generictextedit.obj
e:\vst3_sdk\vst-sdk_3.7.2_build-28_2021-03-30\vst_sdk\vst3_sdk\generator\matsyn\matsyn_vs\vst3sdk\vstgui.build\lib\vstgui.dir\debug\wintimer.obj
e:\vst3_sdk\vst-sdk_3.7.2_build-28_2021-03-30\vst_sdk\vst3_sdk\generator\matsyn\matsyn_vs\vst3sdk\vstgui.build\lib\vstgui.dir\debug\clayeredviewcontainer.obj
e:\vst3_sdk\vst-sdk_3.7.2_build-28_2021-03-30\vst_sdk\vst3_sdk\generator\matsyn\matsyn_vs\vst3sdk\vstgui.build\lib\vstgui.dir\debug\cmoviebitmap.obj
e:\vst3_sdk\vst-sdk_3.7.2_build-28_2021-03-30\vst_sdk\vst3_sdk\generator\matsyn\matsyn_vs\vst3sdk\vstgui.build\lib\vstgui.dir\debug\cstringlist.obj
e:\vst3_sdk\vst-sdk_3.7.2_build-28_2021-03-30\vst_sdk\vst3_sdk\generator\matsyn\matsyn_vs\vst3sdk\vstgui.build\lib\vstgui.dir\debug\ctooltipsupport.obj
e:\vst3_sdk\vst-sdk_3.7.2_build-28_2021-03-30\vst_sdk\vst3_sdk\generator\matsyn\matsyn_vs\vst3sdk\vstgui.build\lib\vstgui.dir\debug\win32datapackage.obj
e:\vst3_sdk\vst-sdk_3.7.2_build-28_2021-03-30\vst_sdk\vst3_sdk\generator\matsyn\matsyn_vs\vst3sdk\vstgui.build\lib\vstgui.dir\debug\cbitmapfilter.obj
e:\vst3_sdk\vst-sdk_3.7.2_build-28_2021-03-30\vst_sdk\vst3_sdk\generator\matsyn\matsyn_vs\vst3sdk\vstgui.build\lib\vstgui.dir\debug\cparamdisplay.obj
e:\vst3_sdk\vst-sdk_3.7.2_build-28_2021-03-30\vst_sdk\vst3_sdk\generator\matsyn\matsyn_vs\vst3sdk\vstgui.build\lib\vstgui.dir\debug\cscrollview.obj
e:\vst3_sdk\vst-sdk_3.7.2_build-28_2021-03-30\vst_sdk\vst3_sdk\generator\matsyn\matsyn_vs\vst3sdk\vstgui.build\lib\vstgui.dir\debug\vstguiinit.obj
e:\vst3_sdk\vst-sdk_3.7.2_build-28_2021-03-30\vst_sdk\vst3_sdk\generator\matsyn\matsyn_vs\vst3sdk\vstgui.build\lib\vstgui.dir\debug\win32resourcestream.obj
e:\vst3_sdk\vst-sdk_3.7.2_build-28_2021-03-30\vst_sdk\vst3_sdk\generator\matsyn\matsyn_vs\vst3sdk\vstgui.build\lib\vstgui.dir\debug\cframe.obj
e:\vst3_sdk\vst-sdk_3.7.2_build-28_2021-03-30\vst_sdk\vst3_sdk\generator\matsyn\matsyn_vs\vst3sdk\vstgui.build\lib\vstgui.dir\debug\cslider.obj
e:\vst3_sdk\vst-sdk_3.7.2_build-28_2021-03-30\vst_sdk\vst3_sdk\generator\matsyn\matsyn_vs\vst3sdk\vstgui.build\lib\vstgui.dir\debug\cviewcontainer.obj
e:\vst3_sdk\vst-sdk_3.7.2_build-28_2021-03-30\vst_sdk\vst3_sdk\generator\matsyn\matsyn_vs\vst3sdk\vstgui.build\lib\vstgui.dir\debug\win32support.obj
e:\vst3_sdk\vst-sdk_3.7.2_build-28_2021-03-30\vst_sdk\vst3_sdk\generator\matsyn\matsyn_vs\vst3sdk\vstgui.build\lib\vstgui.dir\debug\cdrawmethods.obj
e:\vst3_sdk\vst-sdk_3.7.2_build-28_2021-03-30\vst_sdk\vst3_sdk\generator\matsyn\matsyn_vs\vst3sdk\vstgui.build\lib\vstgui.dir\debug\clistcontrol.obj
e:\vst3_sdk\vst-sdk_3.7.2_build-28_2021-03-30\vst_sdk\vst3_sdk\generator\matsyn\matsyn_vs\vst3sdk\vstgui.build\lib\vstgui.dir\debug\ctextlabel.obj
e:\vst3_sdk\vst-sdk_3.7.2_build-28_2021-03-30\vst_sdk\vst3_sdk\generator\matsyn\matsyn_vs\vst3sdk\vstgui.build\lib\vstgui.dir\debug\d2ddrawcontext.obj
e:\vst3_sdk\vst-sdk_3.7.2_build-28_2021-03-30\vst_sdk\vst3_sdk\generator\matsyn\matsyn_vs\vst3sdk\vstgui.build\lib\vstgui.dir\debug\cgraphicspath.obj
e:\vst3_sdk\vst-sdk_3.7.2_build-28_2021-03-30\vst_sdk\vst3_sdk\generator\matsyn\matsyn_vs\vst3sdk\vstgui.build\lib\vstgui.dir\debug\ccolorchooser.obj
e:\vst3_sdk\vst-sdk_3.7.2_build-28_2021-03-30\vst_sdk\vst3_sdk\generator\matsyn\matsyn_vs\vst3sdk\vstgui.build\lib\vstgui.dir\debug\copenglview.obj
e:\vst3_sdk\vst-sdk_3.7.2_build-28_2021-03-30\vst_sdk\vst3_sdk\generator\matsyn\matsyn_vs\vst3sdk\vstgui.build\lib\vstgui.dir\debug\vstguidebug.obj
e:\vst3_sdk\vst-sdk_3.7.2_build-28_2021-03-30\vst_sdk\vst3_sdk\generator\matsyn\matsyn_vs\vst3sdk\vstgui.build\lib\vstgui.dir\debug\winstring.obj
e:\vst3_sdk\vst-sdk_3.7.2_build-28_2021-03-30\vst_sdk\vst3_sdk\generator\matsyn\matsyn_vs\vst3sdk\vstgui.build\lib\vstgui.dir\debug\cfont.obj
e:\vst3_sdk\vst-sdk_3.7.2_build-28_2021-03-30\vst_sdk\vst3_sdk\generator\matsyn\matsyn_vs\vst3sdk\vstgui.build\lib\vstgui.dir\debug\cautoanimation.obj
e:\vst3_sdk\vst-sdk_3.7.2_build-28_2021-03-30\vst_sdk\vst3_sdk\generator\matsyn\matsyn_vs\vst3sdk\vstgui.build\lib\vstgui.dir\debug\csplashscreen.obj
e:\vst3_sdk\vst-sdk_3.7.2_build-28_2021-03-30\vst_sdk\vst3_sdk\generator\matsyn\matsyn_vs\vst3sdk\vstgui.build\lib\vstgui.dir\debug\cvstguitimer.obj
e:\vst3_sdk\vst-sdk_3.7.2_build-28_2021-03-30\vst_sdk\vst3_sdk\generator\matsyn\matsyn_vs\vst3sdk\vstgui.build\lib\vstgui.dir\debug\d2dgraphicspath.obj
e:\vst3_sdk\vst-sdk_3.7.2_build-28_2021-03-30\vst_sdk\vst3_sdk\generator\matsyn\matsyn_vs\vst3sdk\vstgui.build\lib\vstgui.dir\debug\animations.obj
e:\vst3_sdk\vst-sdk_3.7.2_build-28_2021-03-30\vst_sdk\vst3_sdk\generator\matsyn\matsyn_vs\vst3sdk\vstgui.build\lib\vstgui.dir\debug\coffscreencontext.obj
e:\vst3_sdk\vst-sdk_3.7.2_build-28_2021-03-30\vst_sdk\vst3_sdk\generator\matsyn\matsyn_vs\vst3sdk\vstgui.build\lib\vstgui.dir\debug\cspecialdigit.obj
e:\vst3_sdk\vst-sdk_3.7.2_build-28_2021-03-30\vst_sdk\vst3_sdk\generator\matsyn\matsyn_vs\vst3sdk\vstgui.build\lib\vstgui.dir\debug\cview.obj
e:\vst3_sdk\vst-sdk_3.7.2_build-28_2021-03-30\vst_sdk\vst3_sdk\generator\matsyn\matsyn_vs\vst3sdk\vstgui.build\lib\vstgui.dir\debug\win32textedit.obj
e:\vst3_sdk\vst-sdk_3.7.2_build-28_2021-03-30\vst_sdk\vst3_sdk\generator\matsyn\matsyn_vs\vst3sdk\vstgui.build\lib\vstgui.dir\debug\timingfunctions.obj
e:\vst3_sdk\vst-sdk_3.7.2_build-28_2021-03-30\vst_sdk\vst3_sdk\generator\matsyn\matsyn_vs\vst3sdk\vstgui.build\lib\vstgui.dir\debug\cbuttons.obj
e:\vst3_sdk\vst-sdk_3.7.2_build-28_2021-03-30\vst_sdk\vst3_sdk\generator\matsyn\matsyn_vs\vst3sdk\vstgui.build\lib\vstgui.dir\debug\cvumeter.obj
e:\vst3_sdk\vst-sdk_3.7.2_build-28_2021-03-30\vst_sdk\vst3_sdk\generator\matsyn\matsyn_vs\vst3sdk\vstgui.build\lib\vstgui.dir\debug\genericstringlistdatabrowsersource.obj
e:\vst3_sdk\vst-sdk_3.7.2_build-28_2021-03-30\vst_sdk\vst3_sdk\generator\matsyn\matsyn_vs\vst3sdk\vstgui.build\lib\vstgui.dir\debug\win32optionmenu.obj
e:\vst3_sdk\vst-sdk_3.7.2_build-28_2021-03-30\vst_sdk\vst3_sdk\generator\matsyn\matsyn_vs\vst3sdk\vstgui.build\lib\vstgui.dir\debug\cdatabrowser.obj
e:\vst3_sdk\vst-sdk_3.7.2_build-28_2021-03-30\vst_sdk\vst3_sdk\generator\matsyn\matsyn_vs\vst3sdk\vstgui.build\lib\vstgui.dir\debug\cscrollbar.obj
e:\vst3_sdk\vst-sdk_3.7.2_build-28_2021-03-30\vst_sdk\vst3_sdk\generator\matsyn\matsyn_vs\vst3sdk\vstgui.build\lib\vstgui.dir\debug\crowcolumnview.obj
e:\vst3_sdk\vst-sdk_3.7.2_build-28_2021-03-30\vst_sdk\vst3_sdk\generator\matsyn\matsyn_vs\vst3sdk\vstgui.build\lib\vstgui.dir\debug\platformfactory.obj
e:\vst3_sdk\vst-sdk_3.7.2_build-28_2021-03-30\vst_sdk\vst3_sdk\generator\matsyn\matsyn_vs\vst3sdk\vstgui.build\lib\vstgui.dir\debug\win32frame.obj
e:\vst3_sdk\vst-sdk_3.7.2_build-28_2021-03-30\vst_sdk\vst3_sdk\generator\matsyn\matsyn_vs\vst3sdk\vstgui.build\lib\vstgui.dir\debug\cfileselector.obj
e:\vst3_sdk\vst-sdk_3.7.2_build-28_2021-03-30\vst_sdk\vst3_sdk\generator\matsyn\matsyn_vs\vst3sdk\vstgui.build\lib\vstgui.dir\debug\cknob.obj
e:\vst3_sdk\vst-sdk_3.7.2_build-28_2021-03-30\vst_sdk\vst3_sdk\generator\matsyn\matsyn_vs\vst3sdk\vstgui.build\lib\vstgui.dir\debug\cxypad.obj
e:\vst3_sdk\vst-sdk_3.7.2_build-28_2021-03-30\vst_sdk\vst3_sdk\generator\matsyn\matsyn_vs\vst3sdk\vstgui.build\lib\vstgui.dir\debug\fileresourceinputstream.obj
e:\vst3_sdk\vst-sdk_3.7.2_build-28_2021-03-30\vst_sdk\vst3_sdk\generator\matsyn\matsyn_vs\vst3sdk\vstgui.build\lib\vstgui.dir\debug\win32dragging.obj
e:\vst3_sdk\vst-sdk_3.7.2_build-28_2021-03-30\vst_sdk\vst3_sdk\generator\matsyn\matsyn_vs\lib\debug\vstgui.pdb
e:\vst3_sdk\vst-sdk_3.7.2_build-28_2021-03-30\vst_sdk\vst3_sdk\generator\matsyn\matsyn_vs\vst3sdk\vstgui.build\lib\cmakefiles\generate.stamp
e:\vst3_sdk\vst-sdk_3.7.2_build-28_2021-03-30\vst_sdk\vst3_sdk\generator\matsyn\matsyn_vs\lib\debug\vstgui.lib
e:\vst3_sdk\vst-sdk_3.7.2_build-28_2021-03-30\vst_sdk\vst3_sdk\generator\matsyn\matsyn_vs\vst3sdk\vstgui.build\lib\vstgui.dir\debug\vstgui.tlog\cl.10080.write.1.tlog
e:\vst3_sdk\vst-sdk_3.7.2_build-28_2021-03-30\vst_sdk\vst3_sdk\generator\matsyn\matsyn_vs\vst3sdk\vstgui.build\lib\vstgui.dir\debug\vstgui.tlog\cl.command.1.tlog
e:\vst3_sdk\vst-sdk_3.7.2_build-28_2021-03-30\vst_sdk\vst3_sdk\generator\matsyn\matsyn_vs\vst3sdk\vstgui.build\lib\vstgui.dir\debug\vstgui.tlog\cl.read.1.tlog
e:\vst3_sdk\vst-sdk_3.7.2_build-28_2021-03-30\vst_sdk\vst3_sdk\generator\matsyn\matsyn_vs\vst3sdk\vstgui.build\lib\vstgui.dir\debug\vstgui.tlog\custombuild.command.1.tlog
e:\vst3_sdk\vst-sdk_3.7.2_build-28_2021-03-30\vst_sdk\vst3_sdk\generator\matsyn\matsyn_vs\vst3sdk\vstgui.build\lib\vstgui.dir\debug\vstgui.tlog\custombuild.read.1.tlog
e:\vst3_sdk\vst-sdk_3.7.2_build-28_2021-03-30\vst_sdk\vst3_sdk\generator\matsyn\matsyn_vs\vst3sdk\vstgui.build\lib\vstgui.dir\debug\vstgui.tlog\custombuild.write.1.tlog
e:\vst3_sdk\vst-sdk_3.7.2_build-28_2021-03-30\vst_sdk\vst3_sdk\generator\matsyn\matsyn_vs\vst3sdk\vstgui.build\lib\vstgui.dir\debug\vstgui.tlog\lib-link.write.1.tlog
e:\vst3_sdk\vst-sdk_3.7.2_build-28_2021-03-30\vst_sdk\vst3_sdk\generator\matsyn\matsyn_vs\vst3sdk\vstgui.build\lib\vstgui.dir\debug\vstgui.tlog\lib.command.1.tlog
e:\vst3_sdk\vst-sdk_3.7.2_build-28_2021-03-30\vst_sdk\vst3_sdk\generator\matsyn\matsyn_vs\vst3sdk\vstgui.build\lib\vstgui.dir\debug\vstgui.tlog\lib.read.1.tlog
